mode: set
rmp-server\search.go:38.72,41.28 2 1
rmp-server\search.go:71.2,74.33 2 1
rmp-server\search.go:81.2,84.26 2 1
rmp-server\search.go:89.2,89.27 1 1
rmp-server\search.go:93.2,93.24 1 1
rmp-server\search.go:97.2,97.8 1 1
rmp-server\search.go:41.28,48.42 4 1
rmp-server\search.go:58.3,58.12 1 1
rmp-server\search.go:48.42,49.92 1 1
rmp-server\search.go:49.92,51.25 2 1
rmp-server\search.go:51.25,55.6 3 1
rmp-server\search.go:59.3,68.3 2 1
rmp-server\search.go:74.33,76.28 2 1
rmp-server\search.go:76.28,79.4 2 1
rmp-server\search.go:84.26,86.3 1 1
rmp-server\search.go:89.27,91.3 1 1
rmp-server\search.go:93.24,95.3 1 1
rmp-server\search.go:100.84,101.34 1 1
rmp-server\search.go:112.2,112.8 1 1
rmp-server\search.go:101.34,103.41 2 1
rmp-server\search.go:108.3,108.17 1 1
rmp-server\search.go:103.41,104.37 1 1
rmp-server\search.go:104.37,106.5 1 1
rmp-server\search.go:108.17,110.4 1 1
rmp-server\search.go:115.62,124.2 6 1
rmp-server\search.go:126.86,127.33 1 1
rmp-server\search.go:132.2,132.8 1 1
rmp-server\search.go:127.33,128.86 1 1
rmp-server\search.go:128.86,130.4 1 1
rmp-server\search.go:135.53,137.33 2 1
rmp-server\search.go:144.2,144.11 1 1
rmp-server\search.go:137.33,139.28 2 1
rmp-server\search.go:139.28,142.4 2 1
rmp-server\search.go:147.31,148.24 1 1
rmp-server\search.go:148.24,150.3 1 1
rmp-server\search.go:153.37,155.2 1 0
rmp-server\search.go:157.73,158.31 1 1
rmp-server\search.go:161.2,161.14 1 1
rmp-server\search.go:158.31,160.3 1 1
rmp-server\search.go:164.76,166.15 2 1
rmp-server\search.go:169.2,171.12 3 1
rmp-server\search.go:166.15,168.3 1 1
rmp-server\search.go:174.67,175.62 1 1
rmp-server\search.go:183.2,183.8 1 1
rmp-server\search.go:175.62,182.3 4 1
rmp-server\search.go:186.55,192.2 5 1
rmp-server\search.go:194.39,198.2 3 1
rmp-server\search.go:200.68,216.2 12 1
rmp-server\search.go:218.52,222.2 3 1
rmp-server\search.go:224.56,228.2 3 1
rmp-server\search.go:230.52,234.2 3 1
rmp-server\search.go:236.53,240.2 3 1
rmp-server\search.go:242.56,245.2 2 1
rmp-server\search.go:247.49,250.2 2 1
rmp-server\search.go:252.53,257.2 4 1
rmp-server\search.go:259.48,264.2 4 1
rmp-server\search.go:266.49,270.2 3 1
rmp-server\search.go:272.53,275.2 2 1
rmp-server\search.go:277.52,280.2 2 1
rmp-server\search.go:282.54,287.2 4 1
rmp-server\search.go:289.54,292.2 2 1
rmp-server\search.go:294.56,305.2 8 1
rmp-server\search.go:307.70,315.2 6 1
rmp-server\search.go:317.49,321.2 3 1
rmp-server\search.go:323.50,329.23 6 1
rmp-server\search.go:332.2,332.14 1 1
rmp-server\search.go:329.23,331.3 1 1
rmp-server\search.go:335.50,344.23 7 1
rmp-server\search.go:347.2,347.14 1 1
rmp-server\search.go:344.23,346.3 1 1
rmp-server\search.go:350.47,357.23 6 1
rmp-server\search.go:360.2,360.14 1 1
rmp-server\search.go:357.23,359.3 1 1
rmp-server\search.go:363.51,372.2 6 1
rmp-server\search.go:374.56,383.2 6 1
rmp-server\search.go:385.49,391.2 5 1
rmp-server\search.go:393.41,395.2 1 1
rmp-server\utils.go:16.51,17.18 1 1
rmp-server\utils.go:20.2,21.26 2 1
rmp-server\utils.go:24.2,24.33 1 1
rmp-server\utils.go:17.18,19.3 1 1
rmp-server\utils.go:21.26,23.3 1 1
rmp-server\utils.go:27.55,28.18 1 1
rmp-server\utils.go:31.2,31.24 1 1
rmp-server\utils.go:34.2,35.60 2 1
rmp-server\utils.go:38.2,38.33 1 1
rmp-server\utils.go:28.18,30.3 1 1
rmp-server\utils.go:31.24,33.3 1 0
rmp-server\utils.go:35.60,37.3 1 1
rmp-server\utils.go:41.52,42.18 1 1
rmp-server\utils.go:45.2,46.26 2 1
rmp-server\utils.go:49.2,49.18 1 1
rmp-server\utils.go:42.18,44.3 1 1
rmp-server\utils.go:46.26,48.3 1 0
rmp-server\utils.go:52.56,53.40 1 1
rmp-server\utils.go:56.2,57.26 2 1
rmp-server\utils.go:60.2,60.18 1 1
rmp-server\utils.go:53.40,55.3 1 1
rmp-server\utils.go:57.26,59.3 1 0
rmp-server\utils.go:63.28,64.16 1 0
rmp-server\utils.go:64.16,66.3 1 0
rmp-server\utils.go:69.31,71.2 1 1
rmp-server\handlers.go:7.36,13.59 5 0
rmp-server\handlers.go:21.2,36.16 5 0
rmp-server\handlers.go:13.59,16.3 2 0
rmp-server\main.go:13.13,17.2 3 0
rmp-server\rmp.go:59.41,63.2 3 0
rmp-server\rmp.go:65.37,67.2 1 1
rmp-server\rmp.go:69.47,71.15 2 1
rmp-server\rmp.go:76.2,76.14 1 1
rmp-server\rmp.go:71.15,73.3 1 1
rmp-server\rmp.go:73.3,73.23 1 1
rmp-server\rmp.go:73.23,75.3 1 1
rmp-server\rmp.go:79.42,81.2 1 1
rmp-server\rmp.go:83.77,84.27 1 1
rmp-server\rmp.go:98.2,98.10 1 1
rmp-server\rmp.go:84.27,89.33 4 1
rmp-server\rmp.go:89.33,91.4 1 0
rmp-server\rmp.go:91.4,92.16 1 1
rmp-server\rmp.go:92.16,94.4 1 1
rmp-server\rmp.go:94.4,96.4 1 1
rmp-server\rmp.go:101.43,103.2 1 1
rmp-server\rmp.go:105.53,107.15 2 1
rmp-server\rmp.go:112.2,112.14 1 0
rmp-server\rmp.go:107.15,109.3 1 1
rmp-server\rmp.go:109.3,109.23 1 1
rmp-server\rmp.go:109.23,111.3 1 1
rmp-server\rmp.go:115.48,117.2 1 1
rmp-server\rmp.go:119.89,125.13 4 1
rmp-server\rmp.go:125.13,127.3 1 1
rmp-server\rmp.go:127.3,127.20 1 1
rmp-server\rmp.go:127.20,129.3 1 0
rmp-server\rmp.go:129.3,131.3 1 1
rmp-server\rmp.go:134.37,136.2 1 1
rmp-server\rmp.go:138.47,140.15 2 1
rmp-server\rmp.go:145.2,146.14 2 0
rmp-server\rmp.go:140.15,142.3 1 1
rmp-server\rmp.go:142.3,142.23 1 1
rmp-server\rmp.go:142.23,144.3 1 1
rmp-server\rmp.go:149.42,151.2 1 1
rmp-server\rmp.go:153.77,158.32 4 1
rmp-server\rmp.go:158.32,160.3 1 1
rmp-server\rmp.go:160.3,161.15 1 1
rmp-server\rmp.go:161.15,163.3 1 1
rmp-server\rmp.go:163.3,165.3 1 1
rmp-server\rmp.go:168.39,169.23 1 1
rmp-server\rmp.go:169.23,171.3 1 1
rmp-server\rmp.go:171.3,173.3 1 1
rmp-server\rmp.go:176.39,178.2 1 1
